build/app/intermediates/manifest_merge_blame_file/debug/manifest-merger-blame-debug-report.txt
1<?xml version="1.0" encoding="utf-8"?>
2<manifest xmlns:android="http://schemas.android.com/apk/res/android"
3    package="com.anishmalepati.starfolio"
4    android:versionCode="1"
5    android:versionName="1.0.0" >
6
7    <uses-sdk
8        android:minSdkVersion="19"
9        android:targetSdkVersion="33" />
10    <!--
11         The INTERNET permission is required for development. Specifically,
12         the Flutter tool needs it to communicate with the running application
13         to allow setting breakpoints, to provide hot reload, etc.
14    -->
15    <uses-permission android:name="android.permission.INTERNET" />
15-->src/main/AndroidManifest.xml:2:5-66
15-->src/main/AndroidManifest.xml:2:22-64
16    <uses-permission android:name="android.permission.ACCESS_NETWORK_STATE" />
16-->src/main/AndroidManifest.xml:3:5-79
16-->src/main/AndroidManifest.xml:3:22-76
17    <uses-permission android:name="com.google.android.providers.gsf.permission.READ_GSERVICES" />
17-->[com.google.android.recaptcha:recaptcha:18.4.0] AndroidManifest.xml:9:5-98
17-->[com.google.android.recaptcha:recaptcha:18.4.0] AndroidManifest.xml:9:22-95
18
19    <permission
19-->[androidx.core:core:1.10.1] AndroidManifest.xml:22:5-24:47
20        android:name="com.anishmalepati.starfolio.DYNAMIC_RECEIVER_NOT_EXPORTED_PERMISSION"
20-->[androidx.core:core:1.10.1] AndroidManifest.xml:23:9-81
21        android:protectionLevel="signature" />
21-->[androidx.core:core:1.10.1] AndroidManifest.xml:24:9-44
22
23    <uses-permission android:name="com.anishmalepati.starfolio.DYNAMIC_RECEIVER_NOT_EXPORTED_PERMISSION" />
23-->[androidx.core:core:1.10.1] AndroidManifest.xml:26:5-97
23-->[androidx.core:core:1.10.1] AndroidManifest.xml:26:22-94
24
25    <application
26        android:name="android.app.Application"
27        android:appComponentFactory="androidx.core.app.CoreComponentFactory"
27-->[androidx.core:core:1.10.1] AndroidManifest.xml:28:18-86
28        android:debuggable="true"
29        android:icon="@mipmap/ic_launcher"
30        android:label="starfolio" >
31        <activity
32            android:name="com.anishmalepati.starfolio.MainActivity"
33            android:configChanges="orientation|keyboardHidden|keyboard|screenSize|smallestScreenSize|locale|layoutDirection|fontScale|screenLayout|density|uiMode"
34            android:exported="true"
35            android:hardwareAccelerated="true"
36            android:launchMode="singleTop"
37            android:theme="@style/LaunchTheme"
38            android:windowSoftInputMode="adjustResize" >
39
40            <!--
41                 Specifies an Android theme to apply to this Activity as soon as
42                 the Android process has started. This theme is visible to the user
43                 while the Flutter UI initializes. After that, this theme continues
44                 to determine the Window background behind the Flutter UI.
45            -->
46            <meta-data
47                android:name="io.flutter.embedding.android.NormalTheme"
48                android:resource="@style/NormalTheme" />
49
50            <intent-filter>
51                <action android:name="android.intent.action.MAIN" />
52
53                <category android:name="android.intent.category.LAUNCHER" />
54            </intent-filter>
55            <intent-filter>
56                <action android:name="android.intent.action.VIEW" />
56-->[com.google.firebase:firebase-auth:22.3.1] AndroidManifest.xml:36:17-69
56-->[com.google.firebase:firebase-auth:22.3.1] AndroidManifest.xml:36:25-66
57
58                <category android:name="android.intent.category.DEFAULT" />
58-->[com.google.firebase:firebase-auth:22.3.1] AndroidManifest.xml:38:17-76
58-->[com.google.firebase:firebase-auth:22.3.1] AndroidManifest.xml:38:27-73
59                <category android:name="android.intent.category.BROWSABLE" />
59-->[com.google.firebase:firebase-auth:22.3.1] AndroidManifest.xml:39:17-78
59-->[com.google.firebase:firebase-auth:22.3.1] AndroidManifest.xml:39:27-75
60
61                <data
61-->[com.google.firebase:firebase-auth:22.3.1] AndroidManifest.xml:41:17-44:51
62                    android:host="page.link"
62-->[com.google.firebase:firebase-auth:22.3.1] AndroidManifest.xml:42:21-49
63                    android:pathPrefix="/V9Hh"
64                    android:scheme="starfolio" />
64-->[com.google.firebase:firebase-auth:22.3.1] AndroidManifest.xml:44:21-48
65            </intent-filter>
66        </activity>
67        <!--
68             Don't delete the meta-data below.
69             This is used by the Flutter tool to generate GeneratedPluginRegistrant.java
70        -->
71        <meta-data
72            android:name="flutterEmbedding"
73            android:value="2" />
74
75        <service
75-->[:cloud_firestore] AndroidManifest.xml:10:9-14:19
76            android:name="com.google.firebase.components.ComponentDiscoveryService"
76-->[:cloud_firestore] AndroidManifest.xml:10:18-89
77            android:directBootAware="true"
77-->[com.google.firebase:firebase-common:20.4.2] AndroidManifest.xml:32:13-43
78            android:exported="false" >
78-->[com.google.firebase:firebase-auth:22.3.1] AndroidManifest.xml:68:13-37
79            <meta-data
79-->[:cloud_firestore] AndroidManifest.xml:11:13-13:85
80                android:name="com.google.firebase.components:io.flutter.plugins.firebase.firestore.FlutterFirebaseFirestoreRegistrar"
80-->[:cloud_firestore] AndroidManifest.xml:12:17-134
81                android:value="com.google.firebase.components.ComponentRegistrar" />
81-->[:cloud_firestore] AndroidManifest.xml:13:17-82
82            <meta-data
82-->[:firebase_dynamic_links] AndroidManifest.xml:13:13-15:85
83                android:name="com.google.firebase.components:io.flutter.plugins.firebase.dynamiclinks.FlutterFirebaseAppRegistrar"
83-->[:firebase_dynamic_links] AndroidManifest.xml:14:17-131
84                android:value="com.google.firebase.components.ComponentRegistrar" />
84-->[:firebase_dynamic_links] AndroidManifest.xml:15:17-82
85            <meta-data
85-->[:firebase_auth] AndroidManifest.xml:11:13-13:85
86                android:name="com.google.firebase.components:io.flutter.plugins.firebase.auth.FlutterFirebaseAuthRegistrar"
86-->[:firebase_auth] AndroidManifest.xml:12:17-124
87                android:value="com.google.firebase.components.ComponentRegistrar" />
87-->[:firebase_auth] AndroidManifest.xml:13:17-82
88            <meta-data
88-->[:firebase_storage] AndroidManifest.xml:11:13-13:85
89                android:name="com.google.firebase.components:io.flutter.plugins.firebase.storage.FlutterFirebaseAppRegistrar"
89-->[:firebase_storage] AndroidManifest.xml:12:17-126
90                android:value="com.google.firebase.components.ComponentRegistrar" />
90-->[:firebase_storage] AndroidManifest.xml:13:17-82
91            <meta-data
91-->[:firebase_core] AndroidManifest.xml:11:13-13:85
92                android:name="com.google.firebase.components:io.flutter.plugins.firebase.core.FlutterFirebaseCoreRegistrar"
92-->[:firebase_core] AndroidManifest.xml:12:17-124
93                android:value="com.google.firebase.components.ComponentRegistrar" />
93-->[:firebase_core] AndroidManifest.xml:13:17-82
94            <meta-data
94-->[com.google.firebase:firebase-auth:22.3.1] AndroidManifest.xml:69:13-71:85
95                android:name="com.google.firebase.components:com.google.firebase.auth.FirebaseAuthRegistrar"
95-->[com.google.firebase:firebase-auth:22.3.1] AndroidManifest.xml:70:17-109
96                android:value="com.google.firebase.components.ComponentRegistrar" />
96-->[com.google.firebase:firebase-auth:22.3.1] AndroidManifest.xml:71:17-82
97            <meta-data
97-->[com.google.firebase:firebase-firestore:24.10.1] AndroidManifest.xml:17:13-19:85
98                android:name="com.google.firebase.components:com.google.firebase.firestore.FirebaseFirestoreKtxRegistrar"
98-->[com.google.firebase:firebase-firestore:24.10.1] AndroidManifest.xml:18:17-122
99                android:value="com.google.firebase.components.ComponentRegistrar" />
99-->[com.google.firebase:firebase-firestore:24.10.1] AndroidManifest.xml:19:17-82
100            <meta-data
100-->[com.google.firebase:firebase-firestore:24.10.1] AndroidManifest.xml:20:13-22:85
101                android:name="com.google.firebase.components:com.google.firebase.firestore.FirestoreRegistrar"
101-->[com.google.firebase:firebase-firestore:24.10.1] AndroidManifest.xml:21:17-111
102                android:value="com.google.firebase.components.ComponentRegistrar" />
102-->[com.google.firebase:firebase-firestore:24.10.1] AndroidManifest.xml:22:17-82
103            <meta-data
103-->[com.google.firebase:firebase-dynamic-links:21.2.0] AndroidManifest.xml:24:13-26:85
104                android:name="com.google.firebase.components:com.google.firebase.dynamiclinks.FirebaseDynamicLinksKtxRegistrar"
104-->[com.google.firebase:firebase-dynamic-links:21.2.0] AndroidManifest.xml:25:17-128
105                android:value="com.google.firebase.components.ComponentRegistrar" />
105-->[com.google.firebase:firebase-dynamic-links:21.2.0] AndroidManifest.xml:26:17-82
106            <meta-data
106-->[com.google.firebase:firebase-dynamic-links:21.2.0] AndroidManifest.xml:27:13-29:85
107                android:name="com.google.firebase.components:com.google.firebase.dynamiclinks.internal.FirebaseDynamicLinkRegistrar"
107-->[com.google.firebase:firebase-dynamic-links:21.2.0] AndroidManifest.xml:28:17-133
108                android:value="com.google.firebase.components.ComponentRegistrar" />
108-->[com.google.firebase:firebase-dynamic-links:21.2.0] AndroidManifest.xml:29:17-82
109            <meta-data
109-->[com.google.firebase:firebase-storage:20.3.0] AndroidManifest.xml:30:13-32:85
110                android:name="com.google.firebase.components:com.google.firebase.storage.FirebaseStorageKtxRegistrar"
110-->[com.google.firebase:firebase-storage:20.3.0] AndroidManifest.xml:31:17-118
111                android:value="com.google.firebase.components.ComponentRegistrar" />
111-->[com.google.firebase:firebase-storage:20.3.0] AndroidManifest.xml:32:17-82
112            <meta-data
112-->[com.google.firebase:firebase-storage:20.3.0] AndroidManifest.xml:33:13-35:85
113                android:name="com.google.firebase.components:com.google.firebase.storage.StorageRegistrar"
113-->[com.google.firebase:firebase-storage:20.3.0] AndroidManifest.xml:34:17-107
114                android:value="com.google.firebase.components.ComponentRegistrar" />
114-->[com.google.firebase:firebase-storage:20.3.0] AndroidManifest.xml:35:17-82
115            <meta-data
115-->[com.google.firebase:firebase-appcheck:17.1.1] AndroidManifest.xml:25:13-27:85
116                android:name="com.google.firebase.components:com.google.firebase.appcheck.FirebaseAppCheckKtxRegistrar"
116-->[com.google.firebase:firebase-appcheck:17.1.1] AndroidManifest.xml:26:17-120
117                android:value="com.google.firebase.components.ComponentRegistrar" />
117-->[com.google.firebase:firebase-appcheck:17.1.1] AndroidManifest.xml:27:17-82
118            <meta-data
118-->[com.google.firebase:firebase-appcheck:17.1.1] AndroidManifest.xml:28:13-30:85
119                android:name="com.google.firebase.components:com.google.firebase.appcheck.FirebaseAppCheckRegistrar"
119-->[com.google.firebase:firebase-appcheck:17.1.1] AndroidManifest.xml:29:17-117
120                android:value="com.google.firebase.components.ComponentRegistrar" />
120-->[com.google.firebase:firebase-appcheck:17.1.1] AndroidManifest.xml:30:17-82
121            <meta-data
121-->[com.google.firebase:firebase-common-ktx:20.4.2] AndroidManifest.xml:12:13-14:85
122                android:name="com.google.firebase.components:com.google.firebase.ktx.FirebaseCommonLegacyRegistrar"
122-->[com.google.firebase:firebase-common-ktx:20.4.2] AndroidManifest.xml:13:17-116
123                android:value="com.google.firebase.components.ComponentRegistrar" />
123-->[com.google.firebase:firebase-common-ktx:20.4.2] AndroidManifest.xml:14:17-82
124            <meta-data
124-->[com.google.firebase:firebase-common:20.4.2] AndroidManifest.xml:35:13-37:85
125                android:name="com.google.firebase.components:com.google.firebase.FirebaseCommonKtxRegistrar"
125-->[com.google.firebase:firebase-common:20.4.2] AndroidManifest.xml:36:17-109
126                android:value="com.google.firebase.components.ComponentRegistrar" />
126-->[com.google.firebase:firebase-common:20.4.2] AndroidManifest.xml:37:17-82
127        </service>
128
129        <provider
129-->[:image_picker_android] AndroidManifest.xml:10:9-18:20
130            android:name="io.flutter.plugins.imagepicker.ImagePickerFileProvider"
130-->[:image_picker_android] AndroidManifest.xml:11:13-82
131            android:authorities="com.anishmalepati.starfolio.flutter.image_provider"
131-->[:image_picker_android] AndroidManifest.xml:12:13-74
132            android:exported="false"
132-->[:image_picker_android] AndroidManifest.xml:13:13-37
133            android:grantUriPermissions="true" >
133-->[:image_picker_android] AndroidManifest.xml:14:13-47
134            <meta-data
134-->[:image_picker_android] AndroidManifest.xml:15:13-17:75
135                android:name="android.support.FILE_PROVIDER_PATHS"
135-->[:image_picker_android] AndroidManifest.xml:16:17-67
136                android:resource="@xml/flutter_image_picker_file_paths" />
136-->[:image_picker_android] AndroidManifest.xml:17:17-72
137        </provider>
138
139        <activity
139-->[:url_launcher_android] AndroidManifest.xml:10:9-13:74
140            android:name="io.flutter.plugins.urllauncher.WebViewActivity"
140-->[:url_launcher_android] AndroidManifest.xml:11:13-74
141            android:exported="false"
141-->[:url_launcher_android] AndroidManifest.xml:12:13-37
142            android:theme="@android:style/Theme.NoTitleBar.Fullscreen" />
142-->[:url_launcher_android] AndroidManifest.xml:13:13-71
143        <!--
144           Declares a provider which allows us to store files to share in
145           '.../caches/share_plus' and grant the receiving action access
146        -->
147        <provider
147-->[:share_plus] AndroidManifest.xml:15:9-23:20
148            android:name="dev.fluttercommunity.plus.share.ShareFileProvider"
148-->[:share_plus] AndroidManifest.xml:16:13-77
149            android:authorities="com.anishmalepati.starfolio.flutter.share_provider"
149-->[:share_plus] AndroidManifest.xml:17:13-74
150            android:exported="false"
150-->[:share_plus] AndroidManifest.xml:18:13-37
151            android:grantUriPermissions="true" >
151-->[:share_plus] AndroidManifest.xml:19:13-47
152            <meta-data
152-->[:image_picker_android] AndroidManifest.xml:15:13-17:75
153                android:name="android.support.FILE_PROVIDER_PATHS"
153-->[:image_picker_android] AndroidManifest.xml:16:17-67
154                android:resource="@xml/flutter_share_file_paths" />
154-->[:image_picker_android] AndroidManifest.xml:17:17-72
155        </provider>
156        <!--
157           This manifest declared broadcast receiver allows us to use an explicit
158           Intent when creating a PendingItent to be informed of the user's choice
159        -->
160        <receiver
160-->[:share_plus] AndroidManifest.xml:28:9-34:20
161            android:name="dev.fluttercommunity.plus.share.SharePlusPendingIntent"
161-->[:share_plus] AndroidManifest.xml:29:13-82
162            android:exported="false" >
162-->[:share_plus] AndroidManifest.xml:30:13-37
163            <intent-filter>
163-->[:share_plus] AndroidManifest.xml:31:13-33:29
164                <action android:name="EXTRA_CHOSEN_COMPONENT" />
164-->[:share_plus] AndroidManifest.xml:32:17-65
164-->[:share_plus] AndroidManifest.xml:32:25-62
165            </intent-filter>
166        </receiver>
167
168        <activity
168-->[com.google.firebase:firebase-auth:22.3.1] AndroidManifest.xml:29:9-46:20
169            android:name="com.google.firebase.auth.internal.GenericIdpActivity"
169-->[com.google.firebase:firebase-auth:22.3.1] AndroidManifest.xml:30:13-80
170            android:excludeFromRecents="true"
170-->[com.google.firebase:firebase-auth:22.3.1] AndroidManifest.xml:31:13-46
171            android:exported="true"
171-->[com.google.firebase:firebase-auth:22.3.1] AndroidManifest.xml:32:13-36
172            android:launchMode="singleTask"
172-->[com.google.firebase:firebase-auth:22.3.1] AndroidManifest.xml:33:13-44
173            android:theme="@android:style/Theme.Translucent.NoTitleBar" >
173-->[com.google.firebase:firebase-auth:22.3.1] AndroidManifest.xml:34:13-72
174            <intent-filter>
174-->[com.google.firebase:firebase-auth:22.3.1] AndroidManifest.xml:35:13-45:29
175                <action android:name="android.intent.action.VIEW" />
175-->[com.google.firebase:firebase-auth:22.3.1] AndroidManifest.xml:36:17-69
175-->[com.google.firebase:firebase-auth:22.3.1] AndroidManifest.xml:36:25-66
176
177                <category android:name="android.intent.category.DEFAULT" />
177-->[com.google.firebase:firebase-auth:22.3.1] AndroidManifest.xml:38:17-76
177-->[com.google.firebase:firebase-auth:22.3.1] AndroidManifest.xml:38:27-73
178                <category android:name="android.intent.category.BROWSABLE" />
178-->[com.google.firebase:firebase-auth:22.3.1] AndroidManifest.xml:39:17-78
178-->[com.google.firebase:firebase-auth:22.3.1] AndroidManifest.xml:39:27-75
179
180                <data
180-->[com.google.firebase:firebase-auth:22.3.1] AndroidManifest.xml:41:17-44:51
181                    android:host="firebase.auth"
181-->[com.google.firebase:firebase-auth:22.3.1] AndroidManifest.xml:42:21-49
182                    android:path="/"
182-->[com.google.firebase:firebase-auth:22.3.1] AndroidManifest.xml:43:21-37
183                    android:scheme="genericidp" />
183-->[com.google.firebase:firebase-auth:22.3.1] AndroidManifest.xml:44:21-48
184            </intent-filter>
185        </activity>
186        <activity
186-->[com.google.firebase:firebase-auth:22.3.1] AndroidManifest.xml:47:9-64:20
187            android:name="com.google.firebase.auth.internal.RecaptchaActivity"
187-->[com.google.firebase:firebase-auth:22.3.1] AndroidManifest.xml:48:13-79
188            android:excludeFromRecents="true"
188-->[com.google.firebase:firebase-auth:22.3.1] AndroidManifest.xml:49:13-46
189            android:exported="true"
189-->[com.google.firebase:firebase-auth:22.3.1] AndroidManifest.xml:50:13-36
190            android:launchMode="singleTask"
190-->[com.google.firebase:firebase-auth:22.3.1] AndroidManifest.xml:51:13-44
191            android:theme="@android:style/Theme.Translucent.NoTitleBar" >
191-->[com.google.firebase:firebase-auth:22.3.1] AndroidManifest.xml:52:13-72
192            <intent-filter>
192-->[com.google.firebase:firebase-auth:22.3.1] AndroidManifest.xml:53:13-63:29
193                <action android:name="android.intent.action.VIEW" />
193-->[com.google.firebase:firebase-auth:22.3.1] AndroidManifest.xml:36:17-69
193-->[com.google.firebase:firebase-auth:22.3.1] AndroidManifest.xml:36:25-66
194
195                <category android:name="android.intent.category.DEFAULT" />
195-->[com.google.firebase:firebase-auth:22.3.1] AndroidManifest.xml:38:17-76
195-->[com.google.firebase:firebase-auth:22.3.1] AndroidManifest.xml:38:27-73
196                <category android:name="android.intent.category.BROWSABLE" />
196-->[com.google.firebase:firebase-auth:22.3.1] AndroidManifest.xml:39:17-78
196-->[com.google.firebase:firebase-auth:22.3.1] AndroidManifest.xml:39:27-75
197
198                <data
198-->[com.google.firebase:firebase-auth:22.3.1] AndroidManifest.xml:41:17-44:51
199                    android:host="firebase.auth"
199-->[com.google.firebase:firebase-auth:22.3.1] AndroidManifest.xml:42:21-49
200                    android:path="/"
200-->[com.google.firebase:firebase-auth:22.3.1] AndroidManifest.xml:43:21-37
201                    android:scheme="recaptcha" />
201-->[com.google.firebase:firebase-auth:22.3.1] AndroidManifest.xml:44:21-48
202            </intent-filter>
203        </activity>
204        <activity
204-->[com.google.android.gms:play-services-auth:20.7.0] AndroidManifest.xml:23:9-27:75
205            android:name="com.google.android.gms.auth.api.signin.internal.SignInHubActivity"
205-->[com.google.android.gms:play-services-auth:20.7.0] AndroidManifest.xml:24:13-93
206            android:excludeFromRecents="true"
206-->[com.google.android.gms:play-services-auth:20.7.0] AndroidManifest.xml:25:13-46
207            android:exported="false"
207-->[com.google.android.gms:play-services-auth:20.7.0] AndroidManifest.xml:26:13-37
208            android:theme="@android:style/Theme.Translucent.NoTitleBar" />
208-->[com.google.android.gms:play-services-auth:20.7.0] AndroidManifest.xml:27:13-72
209        <!--
210            Service handling Google Sign-In user revocation. For apps that do not integrate with
211            Google Sign-In, this service will never be started.
212        -->
213        <service
213-->[com.google.android.gms:play-services-auth:20.7.0] AndroidManifest.xml:33:9-37:51
214            android:name="com.google.android.gms.auth.api.signin.RevocationBoundService"
214-->[com.google.android.gms:play-services-auth:20.7.0] AndroidManifest.xml:34:13-89
215            android:exported="true"
215-->[com.google.android.gms:play-services-auth:20.7.0] AndroidManifest.xml:35:13-36
216            android:permission="com.google.android.gms.auth.api.signin.permission.REVOCATION_NOTIFICATION"
216-->[com.google.android.gms:play-services-auth:20.7.0] AndroidManifest.xml:36:13-107
217            android:visibleToInstantApps="true" />
217-->[com.google.android.gms:play-services-auth:20.7.0] AndroidManifest.xml:37:13-48
218
219        <activity
219-->[com.google.android.gms:play-services-base:18.0.1] AndroidManifest.xml:20:9-22:45
220            android:name="com.google.android.gms.common.api.GoogleApiActivity"
220-->[com.google.android.gms:play-services-base:18.0.1] AndroidManifest.xml:20:19-85
221            android:exported="false"
221-->[com.google.android.gms:play-services-base:18.0.1] AndroidManifest.xml:22:19-43
222            android:theme="@android:style/Theme.Translucent.NoTitleBar" />
222-->[com.google.android.gms:play-services-base:18.0.1] AndroidManifest.xml:21:19-78
223
224        <provider
224-->[com.google.firebase:firebase-common:20.4.2] AndroidManifest.xml:23:9-28:39
225            android:name="com.google.firebase.provider.FirebaseInitProvider"
225-->[com.google.firebase:firebase-common:20.4.2] AndroidManifest.xml:24:13-77
226            android:authorities="com.anishmalepati.starfolio.firebaseinitprovider"
226-->[com.google.firebase:firebase-common:20.4.2] AndroidManifest.xml:25:13-72
227            android:directBootAware="true"
227-->[com.google.firebase:firebase-common:20.4.2] AndroidManifest.xml:26:13-43
228            android:exported="false"
228-->[com.google.firebase:firebase-common:20.4.2] AndroidManifest.xml:27:13-37
229            android:initOrder="100" />
229-->[com.google.firebase:firebase-common:20.4.2] AndroidManifest.xml:28:13-36
230
231        <meta-data
231-->[com.google.android.gms:play-services-basement:18.2.0] AndroidManifest.xml:21:9-23:69
232            android:name="com.google.android.gms.version"
232-->[com.google.android.gms:play-services-basement:18.2.0] AndroidManifest.xml:22:13-58
233            android:value="@integer/google_play_services_version" />
233-->[com.google.android.gms:play-services-basement:18.2.0] AndroidManifest.xml:23:13-66
234
235        <uses-library
235-->[androidx.window:window:1.0.0-beta04] AndroidManifest.xml:25:9-27:40
236            android:name="androidx.window.extensions"
236-->[androidx.window:window:1.0.0-beta04] AndroidManifest.xml:26:13-54
237            android:required="false" />
237-->[androidx.window:window:1.0.0-beta04] AndroidManifest.xml:27:13-37
238        <uses-library
238-->[androidx.window:window:1.0.0-beta04] AndroidManifest.xml:28:9-30:40
239            android:name="androidx.window.sidecar"
239-->[androidx.window:window:1.0.0-beta04] AndroidManifest.xml:29:13-51
240            android:required="false" />
240-->[androidx.window:window:1.0.0-beta04] AndroidManifest.xml:30:13-37
241
242        <provider
242-->[androidx.profileinstaller:profileinstaller:1.3.0] AndroidManifest.xml:24:9-32:20
243            android:name="androidx.startup.InitializationProvider"
243-->[androidx.profileinstaller:profileinstaller:1.3.0] AndroidManifest.xml:25:13-67
244            android:authorities="com.anishmalepati.starfolio.androidx-startup"
244-->[androidx.profileinstaller:profileinstaller:1.3.0] AndroidManifest.xml:26:13-68
245            android:exported="false" >
245-->[androidx.profileinstaller:profileinstaller:1.3.0] AndroidManifest.xml:27:13-37
246            <meta-data
246-->[androidx.profileinstaller:profileinstaller:1.3.0] AndroidManifest.xml:29:13-31:52
247                android:name="androidx.profileinstaller.ProfileInstallerInitializer"
247-->[androidx.profileinstaller:profileinstaller:1.3.0] AndroidManifest.xml:30:17-85
248                android:value="androidx.startup" />
248-->[androidx.profileinstaller:profileinstaller:1.3.0] AndroidManifest.xml:31:17-49
249        </provider>
250
251        <receiver
251-->[androidx.profileinstaller:profileinstaller:1.3.0] AndroidManifest.xml:34:9-52:20
252            android:name="androidx.profileinstaller.ProfileInstallReceiver"
252-->[androidx.profileinstaller:profileinstaller:1.3.0] AndroidManifest.xml:35:13-76
253            android:directBootAware="false"
253-->[androidx.profileinstaller:profileinstaller:1.3.0] AndroidManifest.xml:36:13-44
254            android:enabled="true"
254-->[androidx.profileinstaller:profileinstaller:1.3.0] AndroidManifest.xml:37:13-35
255            android:exported="true"
255-->[androidx.profileinstaller:profileinstaller:1.3.0] AndroidManifest.xml:38:13-36
256            android:permission="android.permission.DUMP" >
256-->[androidx.profileinstaller:profileinstaller:1.3.0] AndroidManifest.xml:39:13-57
257            <intent-filter>
257-->[androidx.profileinstaller:profileinstaller:1.3.0] AndroidManifest.xml:40:13-42:29
258                <action android:name="androidx.profileinstaller.action.INSTALL_PROFILE" />
258-->[androidx.profileinstaller:profileinstaller:1.3.0] AndroidManifest.xml:41:17-91
258-->[androidx.profileinstaller:profileinstaller:1.3.0] AndroidManifest.xml:41:25-88
259            </intent-filter>
260            <intent-filter>
260-->[androidx.profileinstaller:profileinstaller:1.3.0] AndroidManifest.xml:43:13-45:29
261                <action android:name="androidx.profileinstaller.action.SKIP_FILE" />
261-->[androidx.profileinstaller:profileinstaller:1.3.0] AndroidManifest.xml:44:17-85
261-->[androidx.profileinstaller:profileinstaller:1.3.0] AndroidManifest.xml:44:25-82
262            </intent-filter>
263            <intent-filter>
263-->[androidx.profileinstaller:profileinstaller:1.3.0] AndroidManifest.xml:46:13-48:29
264                <action android:name="androidx.profileinstaller.action.SAVE_PROFILE" />
264-->[androidx.profileinstaller:profileinstaller:1.3.0] AndroidManifest.xml:47:17-88
264-->[androidx.profileinstaller:profileinstaller:1.3.0] AndroidManifest.xml:47:25-85
265            </intent-filter>
266            <intent-filter>
266-->[androidx.profileinstaller:profileinstaller:1.3.0] AndroidManifest.xml:49:13-51:29
267                <action android:name="androidx.profileinstaller.action.BENCHMARK_OPERATION" />
267-->[androidx.profileinstaller:profileinstaller:1.3.0] AndroidManifest.xml:50:17-95
267-->[androidx.profileinstaller:profileinstaller:1.3.0] AndroidManifest.xml:50:25-92
268            </intent-filter>
269        </receiver>
270    </application>
271
272</manifest>